<?xml version="1.0" encoding="UTF-8"?>
<testsuite name="org.sunbasedata.rhea.sidana.address.service.AddressServiceTest" tests="3" skipped="0" failures="0" errors="0" timestamp="2023-11-20T14:59:45" hostname="DESKTOP-BFNHOD6" time="2.684">
  <properties/>
  <testcase name="testAddToDB_AddressNotInDB_Success()" classname="org.sunbasedata.rhea.sidana.address.service.AddressServiceTest" time="2.663"/>
  <testcase name="shouldNotAddToDBWhenAddressAlreadyInDB()" classname="org.sunbasedata.rhea.sidana.address.service.AddressServiceTest" time="0.007"/>
  <testcase name="shouldNotAddToDBWhenUnableToSaveToDb()" classname="org.sunbasedata.rhea.sidana.address.service.AddressServiceTest" time="0.008"/>
  <system-out><![CDATA[]]></system-out>
  <system-err><![CDATA[]]></system-err>
</testsuite>
